Job done with Zenaton !
Job done with Zenaton !
Job done with Zenaton !
Job done with Zenaton !
Job done with Zenaton !
Job done with Zenaton !
Job done with Zenaton !
Job done with Zenaton !
Job done with Zenaton !
Job done with Zenaton !
Job done with Zenaton !
Job done with Zenaton !
Job done with Zenaton !
Job done with Zenaton !
Job done with Zenaton !
Job done with Zenaton !
Job done with Zenaton !
Job done with Zenaton !
Job done with Zenaton !
Job done with Zenaton !
Job done with Zenaton !
Job done with Zenaton !
Job done with Zenaton !
Job done with Zenaton !
Job done with Zenaton !
Job done with Zenaton !
Job done with Zenaton !
Job done with Zenaton !
Job done with Zenaton !
Job done with Zenaton !
Job done with Zenaton !
Job done with Zenaton !
Job done with Zenaton !
Job done with Zenaton !
Job done with Zenaton !
Job done with Zenaton !
Job done with Zenaton !
Job done with Zenaton !
Job done with Zenaton !
Job done with Zenaton !
Job done with Zenaton !
Job done with Zenaton !
Job done with Zenaton !
Job done with Zenaton !
Job done with Zenaton !
Job done with Zenaton !
Job done with Zenaton !
Job done with Zenaton !
Job done with Zenaton !
Job done with Zenaton !
Job done with Zenaton !
Job done with Zenaton !
Job done with Zenaton !
Job done with Zenaton !
Job done with Zenaton !
Job done with Zenaton !
Job done with Zenaton !
Job done with Zenaton !
Job done with Zenaton !
Job done with Zenaton !
Job done with Zenaton !
Job done with Zenaton !
Job done with Zenaton !
Job done with Zenaton !
Job done with Zenaton !
Job done with Zenaton !
Job done with Zenaton !
Job done with Zenaton !
Job done with Zenaton !
Job done with Zenaton !
Job done with Zenaton !
Job done with Zenaton !
Job done with Zenaton !
Job done with Zenaton !
Job done with Zenaton !
Job done with Zenaton !
Job done with Zenaton !
Job done with Zenaton !
Job done with Zenaton !
Job done with Zenaton !
Job done with Zenaton !
Job done with Zenaton !
Job done with Zenaton !
Job done with Zenaton !
Job done with Zenaton !
Job done with Zenaton !
Job done with Zenaton !
Job done with Zenaton !
Job done with Zenaton !
Job done with Zenaton !
Job done with Zenaton !
Job done with Zenaton !
Job done with Zenaton !
Job done with Zenaton !
Job done with Zenaton !
Job done with Zenaton !
Job done with Zenaton !
Job done with Zenaton !
Job done with Zenaton !
Job done with Zenaton !
Job done with Zenaton !
Job done with Zenaton !
Job done with Zenaton !
Job done with Zenaton !
Job done with Zenaton !
Job done with Zenaton !
Job done with Zenaton !
Job done with Zenaton !
Job done with Zenaton !
Job done with Zenaton !
Job done with Zenaton !
Job done with Zenaton !
Job done with Zenaton !
Job done with Zenaton !
Job done with Zenaton !
Job done with Zenaton !
Job done with Zenaton !
Job done with Zenaton !
Job done with Zenaton !
Job done with Zenaton !
Job done with Zenaton !
Job done with Zenaton !
Job done with Zenaton !
Job done with Zenaton !
Job done with Zenaton !
Job done with Zenaton !
Job done with Zenaton !
Job done with Zenaton !
Job done with Zenaton !
Job done with Zenaton !
Job done with Zenaton !
Job done with Zenaton !
Job done with Zenaton !
Job done with Zenaton !
Job done with Zenaton !
Job done with Zenaton !
Job done with Zenaton !
Job done with Zenaton !
Job done with Zenaton !
Job done with Zenaton !
Job done with Zenaton !
Job done with Zenaton !
Job done with Zenaton !
Job done with Zenaton !
Job done with Zenaton !
Job done with Zenaton !
Job done with Zenaton !
Job done with Zenaton !
Job done with Zenaton !
Job done with Zenaton !
Job done with Zenaton !
Job done with Zenaton !
Job done with Zenaton !
Job done with Zenaton !
Job done with Zenaton !
Job done with Zenaton !
Job done with Zenaton !
Job done with Zenaton !
Job done with Zenaton !
Job done with Zenaton !
Job done with Zenaton !
Job done with Zenaton !
Job done with Zenaton !
Job done with Zenaton !
Job done with Zenaton !
Job done with Zenaton !
Job done with Zenaton !
Job done with Zenaton !
Job done with Zenaton !
Job done with Zenaton !
Job done with Zenaton !
Job done with Zenaton !
Job done with Zenaton !
Job done with Zenaton !
Job done with Zenaton !
Job done with Zenaton !
Job done with Zenaton !
Job done with Zenaton !
Job done with Zenaton !
Job done with Zenaton !
Job done with Zenaton !
Job done with Zenaton !
Job done with Zenaton !
Job done with Zenaton !
Job done with Zenaton !
Job done with Zenaton !
Job done with Zenaton !
Job done with Zenaton !
Job done with Zenaton !
Job done with Zenaton !
Job done with Zenaton !
Job done with Zenaton !
Job done with Zenaton !
Job done with Zenaton !
Job done with Zenaton !
Job done with Zenaton !
Job done with Zenaton !
Job done with Zenaton !
Job done with Zenaton !
Job done with Zenaton !
Job done with Zenaton !
Job done with Zenaton !
Job done with Zenaton !
Job done with Zenaton !
Job done with Zenaton !
Job done with Zenaton !
Job done with Zenaton !
Job done with Zenaton !
Job done with Zenaton !
Job done with Zenaton !
Job done with Zenaton !
Job done with Zenaton !
Job done with Zenaton !
Job done with Zenaton !
Job done with Zenaton !
Job done with Zenaton !
Job done with Zenaton !
Job done with Zenaton !
Job done with Zenaton !
Job done with Zenaton !
Job done with Zenaton !
Job done with Zenaton !
Job done with Zenaton !
Job done with Zenaton !
Job done with Zenaton !
Job done with Zenaton !
Job done with Zenaton !
Job done with Zenaton !
Job done with Zenaton !
Job done with Zenaton !
Job done with Zenaton !
Job done with Zenaton !
Job done with Zenaton !
Job done with Zenaton !
Job done with Zenaton !
Job done with Zenaton !
Job done with Zenaton !
Job done with Zenaton !
Job done with Zenaton !
Job done with Zenaton !
Job done with Zenaton !
Job done with Zenaton !
Job done with Zenaton !
Job done with Zenaton !
Job done with Zenaton !
Job done with Zenaton !
Job done with Zenaton !
Job done with Zenaton !
Job done with Zenaton !
Job done with Zenaton !
Job done with Zenaton !
Job done with Zenaton !
Job done with Zenaton !
Job done with Zenaton !
Job done with Zenaton !
Job done with Zenaton !
Job done with Zenaton !
Job done with Zenaton !
Job done with Zenaton !
Job done with Zenaton !
Job done with Zenaton !
Job done with Zenaton !
Job done with Zenaton !
Job done with Zenaton !
Job done with Zenaton !
Job done with Zenaton !
Job done with Zenaton !
Job done with Zenaton !
Job done with Zenaton !
Job done with Zenaton !
Job done with Zenaton !
Job done with Zenaton !
Job done with Zenaton !
Job done with Zenaton !
Job done with Zenaton !
Job done with Zenaton !
Job done with Zenaton !
Job done with Zenaton !
Job done with Zenaton !
Job done with Zenaton !
Job done with Zenaton !
Job done with Zenaton !
Job done with Zenaton !
Job done with Zenaton !
Job done with Zenaton !
Job done with Zenaton !
Job done with Zenaton !
Job done with Zenaton !
Job done with Zenaton !
Job done with Zenaton !
Job done with Zenaton !
Job done with Zenaton !
Job done with Zenaton !
Job done with Zenaton !
Job done with Zenaton !
Job done with Zenaton !
Job done with Zenaton !
Job done with Zenaton !
Job done with Zenaton !
Job done with Zenaton !
Job done with Zenaton !
Job done with Zenaton !
Job done with Zenaton !
Job done with Zenaton !
Job done with Zenaton !
Job done with Zenaton !
Job done with Zenaton !
Job done with Zenaton !
Job done with Zenaton !
Job done with Zenaton !
Job done with Zenaton !
Job done with Zenaton !
Job done with Zenaton !
Job done with Zenaton !
Job done with Zenaton !
Job done with Zenaton !
Job done with Zenaton !
Job done with Zenaton !
Job done with Zenaton !
Job done with Zenaton !
Job done with Zenaton !
Job done with Zenaton !
Job done with Zenaton !
Job done with Zenaton !
Job done with Zenaton !
Job done with Zenaton !
Job done with Zenaton !
Job done with Zenaton !
Job done with Zenaton !
Job done with Zenaton !
Job done with Zenaton !
Job done with Zenaton !
Job done with Zenaton !
Job done with Zenaton !
Job done with Zenaton !
Job done with Zenaton !
Job done with Zenaton !
Job done with Zenaton !
Job done with Zenaton !
Job done with Zenaton !
Job done with Zenaton !
Job done with Zenaton !
Job done with Zenaton !
Job done with Zenaton !
Job done with Zenaton !
Job done with Zenaton !
Job done with Zenaton !
Job done with Zenaton !
Job done with Zenaton !
Job done with Zenaton !
Job done with Zenaton !
Job done with Zenaton !
Job done with Zenaton !
Job done with Zenaton !
Job done with Zenaton !
Job done with Zenaton !
Job done with Zenaton !
Job done with Zenaton !
Job done with Zenaton !
Job done with Zenaton !
Job done with Zenaton !
Job done with Zenaton !
Job done with Zenaton !
Job done with Zenaton !
Job done with Zenaton !
Job done with Zenaton !
Job done with Zenaton !
Job done with Zenaton !
Job done with Zenaton !
Job done with Zenaton !
Job done with Zenaton !
Job done with Zenaton !
Job done with Zenaton !
Job done with Zenaton !
Job done with Zenaton !
Job done with Zenaton !
Job done with Zenaton !
Job done with Zenaton !
Job done with Zenaton !
Job done with Zenaton !
Job done with Zenaton !
Job done with Zenaton !
Job done with Zenaton !
Job done with Zenaton !
Job done with Zenaton !
Job done with Zenaton !
Job done with Zenaton !
Job done with Zenaton !
Job done with Zenaton !
Job done with Zenaton !
Job done with Zenaton !
Job done with Zenaton !
Job done with Zenaton !
Job done with Zenaton !
Job done with Zenaton !
Job done with Zenaton !
Job done with Zenaton !
Job done with Zenaton !
Job done with Zenaton !
Job done with Zenaton !
Job done with Zenaton !
Job done with Zenaton !
Job done with Zenaton !
Job done with Zenaton !
Job done with Zenaton !
Job done with Zenaton !
Job done with Zenaton !
Job done with Zenaton !
Job done with Zenaton !
Job done with Zenaton !
Job done with Zenaton !
Job done with Zenaton !
Job done with Zenaton !
Job done with Zenaton !
Job done with Zenaton !
Job done with Zenaton !
Job done with Zenaton !
Job done with Zenaton !
Job done with Zenaton !
Job done with Zenaton !
Job done with Zenaton !
Job done with Zenaton !
Job done with Zenaton !
Job done with Zenaton !
Job done with Zenaton !
Job done with Zenaton !
Job done with Zenaton !
Job done with Zenaton !
Job done with Zenaton !
Job done with Zenaton !
Job done with Zenaton !
Job done with Zenaton !
Job done with Zenaton !
Job done with Zenaton !
Job done with Zenaton !
Job done with Zenaton !
Job done with Zenaton !
Job done with Zenaton !
Job done with Zenaton !
Job done with Zenaton !
Job done with Zenaton !
Job done with Zenaton !
Job done with Zenaton !
E, [2019-06-25T10:10:41.368632 #74479] ERROR -- : uninitialized constant ReviewsAnalysisWorkflow::UploadToAmazonS3 (NameError)
/Users/yannis/.asdf/installs/ruby/2.6.2/lib/ruby/gems/2.6.0/gems/bootsnap-1.4.4/lib/bootsnap/load_path_cache/core_ext/active_support.rb:79:in `block in load_missing_constant'
/Users/yannis/.asdf/installs/ruby/2.6.2/lib/ruby/gems/2.6.0/gems/bootsnap-1.4.4/lib/bootsnap/load_path_cache/core_ext/active_support.rb:8:in `without_bootsnap_cache'
/Users/yannis/.asdf/installs/ruby/2.6.2/lib/ruby/gems/2.6.0/gems/bootsnap-1.4.4/lib/bootsnap/load_path_cache/core_ext/active_support.rb:79:in `rescue in load_missing_constant'
/Users/yannis/.asdf/installs/ruby/2.6.2/lib/ruby/gems/2.6.0/gems/bootsnap-1.4.4/lib/bootsnap/load_path_cache/core_ext/active_support.rb:58:in `load_missing_constant'
/Users/yannis/Zenaton/lab/zenaton-sidekiq/app/workflows/reviews_analysis_workflow.rb:5:in `handle'
/Users/yannis/Zenaton/agent/worker/priv/ruby/lib/zenaton/worker/v1/workflow.rb:31:in `run_branch'
/Users/yannis/Zenaton/agent/worker/priv/ruby/lib/zenaton/worker/v1/decider.rb:24:in `launch'
/Users/yannis/Zenaton/agent/worker/priv/ruby/lib/zenaton/loader/slave.rb:33:in `process_job'
/Users/yannis/Zenaton/agent/worker/priv/ruby/lib/zenaton/loader/slave.rb:22:in `process'
/Users/yannis/Zenaton/agent/api/_build/dev/lib/worker/priv/ruby/scripts/slave.rb:21:in `<main>'
E, [2019-06-25T10:11:57.583297 #74658] ERROR -- : uninitialized constant ReviewsAnalysisWorkflow::UploadToAmazonS3 (NameError)
/Users/yannis/.asdf/installs/ruby/2.6.2/lib/ruby/gems/2.6.0/gems/bootsnap-1.4.4/lib/bootsnap/load_path_cache/core_ext/active_support.rb:79:in `block in load_missing_constant'
/Users/yannis/.asdf/installs/ruby/2.6.2/lib/ruby/gems/2.6.0/gems/bootsnap-1.4.4/lib/bootsnap/load_path_cache/core_ext/active_support.rb:8:in `without_bootsnap_cache'
/Users/yannis/.asdf/installs/ruby/2.6.2/lib/ruby/gems/2.6.0/gems/bootsnap-1.4.4/lib/bootsnap/load_path_cache/core_ext/active_support.rb:79:in `rescue in load_missing_constant'
/Users/yannis/.asdf/installs/ruby/2.6.2/lib/ruby/gems/2.6.0/gems/bootsnap-1.4.4/lib/bootsnap/load_path_cache/core_ext/active_support.rb:58:in `load_missing_constant'
/Users/yannis/Zenaton/lab/zenaton-sidekiq/app/workflows/reviews_analysis_workflow.rb:5:in `handle'
/Users/yannis/Zenaton/agent/worker/priv/ruby/lib/zenaton/worker/v1/workflow.rb:31:in `run_branch'
/Users/yannis/Zenaton/agent/worker/priv/ruby/lib/zenaton/worker/v1/decider.rb:24:in `launch'
/Users/yannis/Zenaton/agent/worker/priv/ruby/lib/zenaton/loader/slave.rb:33:in `process_job'
/Users/yannis/Zenaton/agent/worker/priv/ruby/lib/zenaton/loader/slave.rb:22:in `process'
/Users/yannis/Zenaton/agent/api/_build/dev/lib/worker/priv/ruby/scripts/slave.rb:21:in `<main>'
Job done with Zenaton !
Job done with Zenaton !
Job done with Zenaton !
Job done with Zenaton !
Job done with Zenaton !
E, [2019-06-27T16:30:15.711885 #35561] ERROR -- : divided by 0 (ZeroDivisionError)
/Users/yannis/Zenaton/lab/zenaton-sidekiq/app/workflows/reviews_analysis_workflow.rb:5:in `/'
/Users/yannis/Zenaton/lab/zenaton-sidekiq/app/workflows/reviews_analysis_workflow.rb:5:in `handle'
/Users/yannis/Zenaton/agent/worker/priv/ruby/lib/zenaton/worker/v1/workflow.rb:31:in `run_branch'
/Users/yannis/Zenaton/agent/worker/priv/ruby/lib/zenaton/worker/v1/decider.rb:24:in `launch'
/Users/yannis/Zenaton/agent/worker/priv/ruby/lib/zenaton/loader/slave.rb:33:in `process_job'
/Users/yannis/Zenaton/agent/worker/priv/ruby/lib/zenaton/loader/slave.rb:22:in `process'
/Users/yannis/Zenaton/agent/api/_build/dev/lib/worker/priv/ruby/scripts/slave.rb:21:in `<main>'
E, [2019-06-27T16:30:15.733174 #35553] ERROR -- : divided by 0 (ZeroDivisionError)
/Users/yannis/Zenaton/lab/zenaton-sidekiq/app/workflows/reviews_analysis_workflow.rb:5:in `/'
/Users/yannis/Zenaton/lab/zenaton-sidekiq/app/workflows/reviews_analysis_workflow.rb:5:in `handle'
/Users/yannis/Zenaton/agent/worker/priv/ruby/lib/zenaton/worker/v1/workflow.rb:31:in `run_branch'
/Users/yannis/Zenaton/agent/worker/priv/ruby/lib/zenaton/worker/v1/decider.rb:24:in `launch'
/Users/yannis/Zenaton/agent/worker/priv/ruby/lib/zenaton/loader/slave.rb:33:in `process_job'
/Users/yannis/Zenaton/agent/worker/priv/ruby/lib/zenaton/loader/slave.rb:22:in `process'
/Users/yannis/Zenaton/agent/api/_build/dev/lib/worker/priv/ruby/scripts/slave.rb:21:in `<main>'
E, [2019-06-27T16:30:15.733385 #35594] ERROR -- : divided by 0 (ZeroDivisionError)
/Users/yannis/Zenaton/lab/zenaton-sidekiq/app/workflows/reviews_analysis_workflow.rb:5:in `/'
/Users/yannis/Zenaton/lab/zenaton-sidekiq/app/workflows/reviews_analysis_workflow.rb:5:in `handle'
/Users/yannis/Zenaton/agent/worker/priv/ruby/lib/zenaton/worker/v1/workflow.rb:31:in `run_branch'
/Users/yannis/Zenaton/agent/worker/priv/ruby/lib/zenaton/worker/v1/decider.rb:24:in `launch'
/Users/yannis/Zenaton/agent/worker/priv/ruby/lib/zenaton/loader/slave.rb:33:in `process_job'
/Users/yannis/Zenaton/agent/worker/priv/ruby/lib/zenaton/loader/slave.rb:22:in `process'
/Users/yannis/Zenaton/agent/api/_build/dev/lib/worker/priv/ruby/scripts/slave.rb:21:in `<main>'
E, [2019-06-27T16:30:15.733250 #35555] ERROR -- : divided by 0 (ZeroDivisionError)
/Users/yannis/Zenaton/lab/zenaton-sidekiq/app/workflows/reviews_analysis_workflow.rb:5:in `/'
/Users/yannis/Zenaton/lab/zenaton-sidekiq/app/workflows/reviews_analysis_workflow.rb:5:in `handle'
/Users/yannis/Zenaton/agent/worker/priv/ruby/lib/zenaton/worker/v1/workflow.rb:31:in `run_branch'
/Users/yannis/Zenaton/agent/worker/priv/ruby/lib/zenaton/worker/v1/decider.rb:24:in `launch'
/Users/yannis/Zenaton/agent/worker/priv/ruby/lib/zenaton/loader/slave.rb:33:in `process_job'
/Users/yannis/Zenaton/agent/worker/priv/ruby/lib/zenaton/loader/slave.rb:22:in `process'
/Users/yannis/Zenaton/agent/api/_build/dev/lib/worker/priv/ruby/scripts/slave.rb:21:in `<main>'
E, [2019-06-27T16:30:15.801092 #35544] ERROR -- : divided by 0 (ZeroDivisionError)
/Users/yannis/Zenaton/lab/zenaton-sidekiq/app/workflows/reviews_analysis_workflow.rb:5:in `/'
/Users/yannis/Zenaton/lab/zenaton-sidekiq/app/workflows/reviews_analysis_workflow.rb:5:in `handle'
/Users/yannis/Zenaton/agent/worker/priv/ruby/lib/zenaton/worker/v1/workflow.rb:31:in `run_branch'
/Users/yannis/Zenaton/agent/worker/priv/ruby/lib/zenaton/worker/v1/decider.rb:24:in `launch'
/Users/yannis/Zenaton/agent/worker/priv/ruby/lib/zenaton/loader/slave.rb:33:in `process_job'
/Users/yannis/Zenaton/agent/worker/priv/ruby/lib/zenaton/loader/slave.rb:22:in `process'
/Users/yannis/Zenaton/agent/api/_build/dev/lib/worker/priv/ruby/scripts/slave.rb:21:in `<main>'
E, [2019-06-27T16:31:01.120176 #37069] ERROR -- : divided by 0 (ZeroDivisionError)
/Users/yannis/Zenaton/lab/zenaton-sidekiq/app/workflows/reviews_analysis_workflow.rb:5:in `/'
/Users/yannis/Zenaton/lab/zenaton-sidekiq/app/workflows/reviews_analysis_workflow.rb:5:in `handle'
/Users/yannis/Zenaton/agent/worker/priv/ruby/lib/zenaton/worker/v1/workflow.rb:31:in `run_branch'
/Users/yannis/Zenaton/agent/worker/priv/ruby/lib/zenaton/worker/v1/decider.rb:24:in `launch'
/Users/yannis/Zenaton/agent/worker/priv/ruby/lib/zenaton/loader/slave.rb:33:in `process_job'
/Users/yannis/Zenaton/agent/worker/priv/ruby/lib/zenaton/loader/slave.rb:22:in `process'
/Users/yannis/Zenaton/agent/api/_build/dev/lib/worker/priv/ruby/scripts/slave.rb:21:in `<main>'
E, [2019-06-27T16:31:01.143575 #37064] ERROR -- : divided by 0 (ZeroDivisionError)
/Users/yannis/Zenaton/lab/zenaton-sidekiq/app/workflows/reviews_analysis_workflow.rb:5:in `/'
/Users/yannis/Zenaton/lab/zenaton-sidekiq/app/workflows/reviews_analysis_workflow.rb:5:in `handle'
/Users/yannis/Zenaton/agent/worker/priv/ruby/lib/zenaton/worker/v1/workflow.rb:31:in `run_branch'
/Users/yannis/Zenaton/agent/worker/priv/ruby/lib/zenaton/worker/v1/decider.rb:24:in `launch'
/Users/yannis/Zenaton/agent/worker/priv/ruby/lib/zenaton/loader/slave.rb:33:in `process_job'
/Users/yannis/Zenaton/agent/worker/priv/ruby/lib/zenaton/loader/slave.rb:22:in `process'
/Users/yannis/Zenaton/agent/api/_build/dev/lib/worker/priv/ruby/scripts/slave.rb:21:in `<main>'
E, [2019-06-27T16:31:01.171562 #37081] ERROR -- : divided by 0 (ZeroDivisionError)
/Users/yannis/Zenaton/lab/zenaton-sidekiq/app/workflows/reviews_analysis_workflow.rb:5:in `/'
/Users/yannis/Zenaton/lab/zenaton-sidekiq/app/workflows/reviews_analysis_workflow.rb:5:in `handle'
/Users/yannis/Zenaton/agent/worker/priv/ruby/lib/zenaton/worker/v1/workflow.rb:31:in `run_branch'
/Users/yannis/Zenaton/agent/worker/priv/ruby/lib/zenaton/worker/v1/decider.rb:24:in `launch'
/Users/yannis/Zenaton/agent/worker/priv/ruby/lib/zenaton/loader/slave.rb:33:in `process_job'
/Users/yannis/Zenaton/agent/worker/priv/ruby/lib/zenaton/loader/slave.rb:22:in `process'
/Users/yannis/Zenaton/agent/api/_build/dev/lib/worker/priv/ruby/scripts/slave.rb:21:in `<main>'
E, [2019-06-27T16:31:01.205821 #37147] ERROR -- : divided by 0 (ZeroDivisionError)
/Users/yannis/Zenaton/lab/zenaton-sidekiq/app/workflows/reviews_analysis_workflow.rb:5:in `/'
/Users/yannis/Zenaton/lab/zenaton-sidekiq/app/workflows/reviews_analysis_workflow.rb:5:in `handle'
/Users/yannis/Zenaton/agent/worker/priv/ruby/lib/zenaton/worker/v1/workflow.rb:31:in `run_branch'
/Users/yannis/Zenaton/agent/worker/priv/ruby/lib/zenaton/worker/v1/decider.rb:24:in `launch'
/Users/yannis/Zenaton/agent/worker/priv/ruby/lib/zenaton/loader/slave.rb:33:in `process_job'
/Users/yannis/Zenaton/agent/worker/priv/ruby/lib/zenaton/loader/slave.rb:22:in `process'
/Users/yannis/Zenaton/agent/api/_build/dev/lib/worker/priv/ruby/scripts/slave.rb:21:in `<main>'
E, [2019-06-27T16:31:01.231749 #37113] ERROR -- : divided by 0 (ZeroDivisionError)
/Users/yannis/Zenaton/lab/zenaton-sidekiq/app/workflows/reviews_analysis_workflow.rb:5:in `/'
/Users/yannis/Zenaton/lab/zenaton-sidekiq/app/workflows/reviews_analysis_workflow.rb:5:in `handle'
/Users/yannis/Zenaton/agent/worker/priv/ruby/lib/zenaton/worker/v1/workflow.rb:31:in `run_branch'
/Users/yannis/Zenaton/agent/worker/priv/ruby/lib/zenaton/worker/v1/decider.rb:24:in `launch'
/Users/yannis/Zenaton/agent/worker/priv/ruby/lib/zenaton/loader/slave.rb:33:in `process_job'
/Users/yannis/Zenaton/agent/worker/priv/ruby/lib/zenaton/loader/slave.rb:22:in `process'
/Users/yannis/Zenaton/agent/api/_build/dev/lib/worker/priv/ruby/scripts/slave.rb:21:in `<main>'
E, [2019-06-27T18:54:17.921272 #48567] ERROR -- : divided by 0 (ZeroDivisionError)
/Users/yannis/Zenaton/lab/zenaton-sidekiq/app/workflows/reviews_analysis_workflow.rb:5:in `/'
/Users/yannis/Zenaton/lab/zenaton-sidekiq/app/workflows/reviews_analysis_workflow.rb:5:in `handle'
/Users/yannis/Zenaton/agent/worker/priv/ruby/lib/zenaton/worker/v1/workflow.rb:31:in `run_branch'
/Users/yannis/Zenaton/agent/worker/priv/ruby/lib/zenaton/worker/v1/decider.rb:24:in `launch'
/Users/yannis/Zenaton/agent/worker/priv/ruby/lib/zenaton/loader/slave.rb:33:in `process_job'
/Users/yannis/Zenaton/agent/worker/priv/ruby/lib/zenaton/loader/slave.rb:22:in `process'
/Users/yannis/Zenaton/agent/api/_build/dev/lib/worker/priv/ruby/scripts/slave.rb:21:in `<main>'
E, [2019-06-27T18:59:54.339458 #50122] ERROR -- : divided by 0 (ZeroDivisionError)
/Users/yannis/Zenaton/lab/zenaton-sidekiq/app/workflows/reviews_analysis_workflow.rb:5:in `/'
/Users/yannis/Zenaton/lab/zenaton-sidekiq/app/workflows/reviews_analysis_workflow.rb:5:in `handle'
/Users/yannis/Zenaton/agent/worker/priv/ruby/lib/zenaton/worker/v1/workflow.rb:31:in `run_branch'
/Users/yannis/Zenaton/agent/worker/priv/ruby/lib/zenaton/worker/v1/decider.rb:24:in `launch'
/Users/yannis/Zenaton/agent/worker/priv/ruby/lib/zenaton/loader/slave.rb:33:in `process_job'
/Users/yannis/Zenaton/agent/worker/priv/ruby/lib/zenaton/loader/slave.rb:22:in `process'
/Users/yannis/Zenaton/agent/api/_build/dev/lib/worker/priv/ruby/scripts/slave.rb:21:in `<main>'
E, [2019-06-27T19:31:40.975057 #52461] ERROR -- : divided by 0 (ZeroDivisionError)
/Users/yannis/Zenaton/lab/zenaton-sidekiq/app/workflows/reviews_analysis_workflow.rb:5:in `/'
/Users/yannis/Zenaton/lab/zenaton-sidekiq/app/workflows/reviews_analysis_workflow.rb:5:in `handle'
/Users/yannis/.zenaton/lib/worker-0.7.5/priv/ruby/lib/zenaton/worker/v1/workflow.rb:31:in `run_branch'
/Users/yannis/.zenaton/lib/worker-0.7.5/priv/ruby/lib/zenaton/worker/v1/decider.rb:24:in `launch'
/Users/yannis/.zenaton/lib/worker-0.7.5/priv/ruby/lib/zenaton/loader/slave.rb:33:in `process_job'
/Users/yannis/.zenaton/lib/worker-0.7.5/priv/ruby/lib/zenaton/loader/slave.rb:22:in `process'
/Users/yannis/.zenaton/lib/worker-0.7.5/priv/ruby/scripts/slave.rb:21:in `<main>'
E, [2019-06-27T19:54:33.977736 #54171] ERROR -- : divided by 0 (ZeroDivisionError)
/Users/yannis/Zenaton/lab/zenaton-sidekiq/app/workflows/reviews_analysis_workflow.rb:5:in `/'
/Users/yannis/Zenaton/lab/zenaton-sidekiq/app/workflows/reviews_analysis_workflow.rb:5:in `handle'
/Users/yannis/.zenaton/lib/worker-0.7.5/priv/ruby/lib/zenaton/worker/v1/workflow.rb:31:in `run_branch'
/Users/yannis/.zenaton/lib/worker-0.7.5/priv/ruby/lib/zenaton/worker/v1/decider.rb:24:in `launch'
/Users/yannis/.zenaton/lib/worker-0.7.5/priv/ruby/lib/zenaton/loader/slave.rb:33:in `process_job'
/Users/yannis/.zenaton/lib/worker-0.7.5/priv/ruby/lib/zenaton/loader/slave.rb:22:in `process'
/Users/yannis/.zenaton/lib/worker-0.7.5/priv/ruby/scripts/slave.rb:21:in `<main>'
E, [2019-06-27T19:57:39.800782 #55759] ERROR -- : divided by 0 (ZeroDivisionError)
/Users/yannis/Zenaton/lab/zenaton-sidekiq/app/workflows/reviews_analysis_workflow.rb:5:in `/'
/Users/yannis/Zenaton/lab/zenaton-sidekiq/app/workflows/reviews_analysis_workflow.rb:5:in `handle'
/Users/yannis/Zenaton/agent/worker/priv/ruby/lib/zenaton/worker/v1/workflow.rb:31:in `run_branch'
/Users/yannis/Zenaton/agent/worker/priv/ruby/lib/zenaton/worker/v1/decider.rb:24:in `launch'
/Users/yannis/Zenaton/agent/worker/priv/ruby/lib/zenaton/loader/slave.rb:33:in `process_job'
/Users/yannis/Zenaton/agent/worker/priv/ruby/lib/zenaton/loader/slave.rb:22:in `process'
/Users/yannis/Zenaton/agent/api/_build/dev/lib/worker/priv/ruby/scripts/slave.rb:21:in `<main>'
E, [2019-06-28T10:02:47.297770 #59852] ERROR -- : divided by 0 (ZeroDivisionError)
/Users/yannis/Zenaton/lab/zenaton-sidekiq/app/workflows/reviews_analysis_workflow.rb:5:in `/'
/Users/yannis/Zenaton/lab/zenaton-sidekiq/app/workflows/reviews_analysis_workflow.rb:5:in `handle'
/Users/yannis/Zenaton/agent/worker/priv/ruby/lib/zenaton/worker/v1/workflow.rb:31:in `run_branch'
/Users/yannis/Zenaton/agent/worker/priv/ruby/lib/zenaton/worker/v1/decider.rb:24:in `launch'
/Users/yannis/Zenaton/agent/worker/priv/ruby/lib/zenaton/loader/slave.rb:33:in `process_job'
/Users/yannis/Zenaton/agent/worker/priv/ruby/lib/zenaton/loader/slave.rb:22:in `process'
/Users/yannis/Zenaton/agent/api/_build/dev/lib/worker/priv/ruby/scripts/slave.rb:21:in `<main>'
E, [2019-06-28T10:24:15.257170 #62464] ERROR -- : divided by 0 (ZeroDivisionError)
/Users/yannis/Zenaton/lab/zenaton-sidekiq/app/workflows/reviews_analysis_workflow.rb:5:in `/'
/Users/yannis/Zenaton/lab/zenaton-sidekiq/app/workflows/reviews_analysis_workflow.rb:5:in `handle'
/Users/yannis/Zenaton/agent/worker/priv/ruby/lib/zenaton/worker/v1/workflow.rb:31:in `run_branch'
/Users/yannis/Zenaton/agent/worker/priv/ruby/lib/zenaton/worker/v1/decider.rb:24:in `launch'
/Users/yannis/Zenaton/agent/worker/priv/ruby/lib/zenaton/loader/slave.rb:33:in `process_job'
/Users/yannis/Zenaton/agent/worker/priv/ruby/lib/zenaton/loader/slave.rb:22:in `process'
/Users/yannis/Zenaton/agent/api/_build/dev/lib/worker/priv/ruby/scripts/slave.rb:21:in `<main>'
E, [2019-06-28T10:39:28.611867 #63996] ERROR -- : divided by 0 (ZeroDivisionError)
/Users/yannis/Zenaton/lab/zenaton-sidekiq/app/workflows/reviews_analysis_workflow.rb:5:in `/'
/Users/yannis/Zenaton/lab/zenaton-sidekiq/app/workflows/reviews_analysis_workflow.rb:5:in `handle'
/Users/yannis/Zenaton/agent/worker/priv/ruby/lib/zenaton/worker/v1/workflow.rb:31:in `run_branch'
/Users/yannis/Zenaton/agent/worker/priv/ruby/lib/zenaton/worker/v1/decider.rb:24:in `launch'
/Users/yannis/Zenaton/agent/worker/priv/ruby/lib/zenaton/loader/slave.rb:33:in `process_job'
/Users/yannis/Zenaton/agent/worker/priv/ruby/lib/zenaton/loader/slave.rb:22:in `process'
/Users/yannis/Zenaton/agent/api/_build/dev/lib/worker/priv/ruby/scripts/slave.rb:21:in `<main>'
E, [2019-06-28T10:44:33.520020 #67400] ERROR -- : divided by 0 (ZeroDivisionError)
/Users/yannis/Zenaton/lab/zenaton-sidekiq/app/workflows/reviews_analysis_workflow.rb:5:in `/'
/Users/yannis/Zenaton/lab/zenaton-sidekiq/app/workflows/reviews_analysis_workflow.rb:5:in `handle'
/Users/yannis/Zenaton/agent/worker/priv/ruby/lib/zenaton/worker/v1/workflow.rb:31:in `run_branch'
/Users/yannis/Zenaton/agent/worker/priv/ruby/lib/zenaton/worker/v1/decider.rb:24:in `launch'
/Users/yannis/Zenaton/agent/worker/priv/ruby/lib/zenaton/loader/slave.rb:33:in `process_job'
/Users/yannis/Zenaton/agent/worker/priv/ruby/lib/zenaton/loader/slave.rb:22:in `process'
/Users/yannis/Zenaton/agent/api/_build/dev/lib/worker/priv/ruby/scripts/slave.rb:21:in `<main>'
E, [2019-06-28T17:01:09.500278 #74144] ERROR -- : divided by 0 (ZeroDivisionError)
/Users/yannis/Zenaton/lab/zenaton-sidekiq/app/workflows/reviews_analysis_workflow.rb:5:in `/'
/Users/yannis/Zenaton/lab/zenaton-sidekiq/app/workflows/reviews_analysis_workflow.rb:5:in `handle'
/Users/yannis/Zenaton/agent/worker/priv/ruby/lib/zenaton/worker/v1/workflow.rb:31:in `run_branch'
/Users/yannis/Zenaton/agent/worker/priv/ruby/lib/zenaton/worker/v1/decider.rb:24:in `launch'
/Users/yannis/Zenaton/agent/worker/priv/ruby/lib/zenaton/loader/slave.rb:33:in `process_job'
/Users/yannis/Zenaton/agent/worker/priv/ruby/lib/zenaton/loader/slave.rb:22:in `process'
/Users/yannis/Zenaton/agent/api/_build/dev/lib/worker/priv/ruby/scripts/slave.rb:21:in `<main>'
E, [2019-06-28T17:25:13.484738 #81651] ERROR -- : divided by 0 (ZeroDivisionError)
/Users/yannis/Zenaton/lab/zenaton-sidekiq/app/workflows/reviews_analysis_workflow.rb:5:in `/'
/Users/yannis/Zenaton/lab/zenaton-sidekiq/app/workflows/reviews_analysis_workflow.rb:5:in `handle'
/Users/yannis/Zenaton/agent/worker/priv/ruby/lib/zenaton/worker/v1/workflow.rb:31:in `run_branch'
/Users/yannis/Zenaton/agent/worker/priv/ruby/lib/zenaton/worker/v1/decider.rb:24:in `launch'
/Users/yannis/Zenaton/agent/worker/priv/ruby/lib/zenaton/loader/slave.rb:33:in `process_job'
/Users/yannis/Zenaton/agent/worker/priv/ruby/lib/zenaton/loader/slave.rb:22:in `process'
/Users/yannis/Zenaton/agent/api/_build/dev/lib/worker/priv/ruby/scripts/slave.rb:21:in `<main>'
E, [2019-07-01T09:37:33.218492 #90999] ERROR -- : divided by 0 (ZeroDivisionError)
/Users/yannis/Zenaton/lab/zenaton-sidekiq/app/workflows/reviews_analysis_workflow.rb:5:in `/'
/Users/yannis/Zenaton/lab/zenaton-sidekiq/app/workflows/reviews_analysis_workflow.rb:5:in `handle'
/Users/yannis/Zenaton/agent/worker/priv/ruby/lib/zenaton/worker/v1/workflow.rb:31:in `run_branch'
/Users/yannis/Zenaton/agent/worker/priv/ruby/lib/zenaton/worker/v1/decider.rb:24:in `launch'
/Users/yannis/Zenaton/agent/worker/priv/ruby/lib/zenaton/loader/slave.rb:33:in `process_job'
/Users/yannis/Zenaton/agent/worker/priv/ruby/lib/zenaton/loader/slave.rb:22:in `process'
/Users/yannis/Zenaton/agent/api/_build/dev/lib/worker/priv/ruby/scripts/slave.rb:21:in `<main>'
E, [2019-07-01T09:44:21.544394 #95334] ERROR -- : divided by 0 (ZeroDivisionError)
/Users/yannis/Zenaton/lab/zenaton-sidekiq/app/workflows/reviews_analysis_workflow.rb:5:in `/'
/Users/yannis/Zenaton/lab/zenaton-sidekiq/app/workflows/reviews_analysis_workflow.rb:5:in `handle'
/Users/yannis/Zenaton/agent/worker/priv/ruby/lib/zenaton/worker/v1/workflow.rb:31:in `run_branch'
/Users/yannis/Zenaton/agent/worker/priv/ruby/lib/zenaton/worker/v1/decider.rb:24:in `launch'
/Users/yannis/Zenaton/agent/worker/priv/ruby/lib/zenaton/loader/slave.rb:33:in `process_job'
/Users/yannis/Zenaton/agent/worker/priv/ruby/lib/zenaton/loader/slave.rb:22:in `process'
/Users/yannis/Zenaton/agent/api/_build/dev/lib/worker/priv/ruby/scripts/slave.rb:21:in `<main>'
E, [2019-07-01T10:40:51.601246 #97568] ERROR -- : divided by 0 (ZeroDivisionError)
/Users/yannis/Zenaton/lab/zenaton-sidekiq/app/workflows/reviews_analysis_workflow.rb:5:in `/'
/Users/yannis/Zenaton/lab/zenaton-sidekiq/app/workflows/reviews_analysis_workflow.rb:5:in `handle'
/Users/yannis/Zenaton/agent/worker/priv/ruby/lib/zenaton/worker/v1/workflow.rb:31:in `run_branch'
/Users/yannis/Zenaton/agent/worker/priv/ruby/lib/zenaton/worker/v1/decider.rb:24:in `launch'
/Users/yannis/Zenaton/agent/worker/priv/ruby/lib/zenaton/loader/slave.rb:33:in `process_job'
/Users/yannis/Zenaton/agent/worker/priv/ruby/lib/zenaton/loader/slave.rb:22:in `process'
/Users/yannis/Zenaton/agent/api/_build/dev/lib/worker/priv/ruby/scripts/slave.rb:21:in `<main>'
E, [2019-07-01T11:11:46.796960 #1615] ERROR -- : divided by 0 (ZeroDivisionError)
/Users/yannis/Zenaton/lab/zenaton-sidekiq/app/workflows/reviews_analysis_workflow.rb:5:in `/'
/Users/yannis/Zenaton/lab/zenaton-sidekiq/app/workflows/reviews_analysis_workflow.rb:5:in `handle'
/Users/yannis/Zenaton/agent/worker/priv/ruby/lib/zenaton/worker/v1/workflow.rb:31:in `run_branch'
/Users/yannis/Zenaton/agent/worker/priv/ruby/lib/zenaton/worker/v1/decider.rb:24:in `launch'
/Users/yannis/Zenaton/agent/worker/priv/ruby/lib/zenaton/loader/slave.rb:33:in `process_job'
/Users/yannis/Zenaton/agent/worker/priv/ruby/lib/zenaton/loader/slave.rb:22:in `process'
/Users/yannis/Zenaton/agent/api/_build/dev/lib/worker/priv/ruby/scripts/slave.rb:21:in `<main>'
E, [2019-07-01T11:20:13.483011 #2272] ERROR -- : divided by 0 (ZeroDivisionError)
/Users/yannis/Zenaton/lab/zenaton-sidekiq/app/workflows/reviews_analysis_workflow.rb:5:in `/'
/Users/yannis/Zenaton/lab/zenaton-sidekiq/app/workflows/reviews_analysis_workflow.rb:5:in `handle'
/Users/yannis/Zenaton/agent/worker/priv/ruby/lib/zenaton/worker/v1/workflow.rb:31:in `run_branch'
/Users/yannis/Zenaton/agent/worker/priv/ruby/lib/zenaton/worker/v1/decider.rb:24:in `launch'
/Users/yannis/Zenaton/agent/worker/priv/ruby/lib/zenaton/loader/slave.rb:33:in `process_job'
/Users/yannis/Zenaton/agent/worker/priv/ruby/lib/zenaton/loader/slave.rb:22:in `process'
/Users/yannis/Zenaton/agent/api/_build/dev/lib/worker/priv/ruby/scripts/slave.rb:21:in `<main>'
E, [2019-07-01T11:35:58.300351 #3379] ERROR -- : divided by 0 (ZeroDivisionError)
/Users/yannis/Zenaton/lab/zenaton-sidekiq/app/workflows/reviews_analysis_workflow.rb:5:in `/'
/Users/yannis/Zenaton/lab/zenaton-sidekiq/app/workflows/reviews_analysis_workflow.rb:5:in `handle'
/Users/yannis/Zenaton/agent/worker/priv/ruby/lib/zenaton/worker/v1/workflow.rb:31:in `run_branch'
/Users/yannis/Zenaton/agent/worker/priv/ruby/lib/zenaton/worker/v1/decider.rb:24:in `launch'
/Users/yannis/Zenaton/agent/worker/priv/ruby/lib/zenaton/loader/slave.rb:33:in `process_job'
/Users/yannis/Zenaton/agent/worker/priv/ruby/lib/zenaton/loader/slave.rb:22:in `process'
/Users/yannis/Zenaton/agent/api/_build/dev/lib/worker/priv/ruby/scripts/slave.rb:21:in `<main>'
E, [2019-07-01T11:42:55.715066 #7259] ERROR -- : divided by 0 (ZeroDivisionError)
/Users/yannis/Zenaton/lab/zenaton-sidekiq/app/workflows/reviews_analysis_workflow.rb:5:in `/'
/Users/yannis/Zenaton/lab/zenaton-sidekiq/app/workflows/reviews_analysis_workflow.rb:5:in `handle'
/Users/yannis/Zenaton/agent/worker/priv/ruby/lib/zenaton/worker/v1/workflow.rb:31:in `run_branch'
/Users/yannis/Zenaton/agent/worker/priv/ruby/lib/zenaton/worker/v1/decider.rb:24:in `launch'
/Users/yannis/Zenaton/agent/worker/priv/ruby/lib/zenaton/loader/slave.rb:33:in `process_job'
/Users/yannis/Zenaton/agent/worker/priv/ruby/lib/zenaton/loader/slave.rb:22:in `process'
/Users/yannis/Zenaton/agent/api/_build/dev/lib/worker/priv/ruby/scripts/slave.rb:21:in `<main>'
E, [2019-07-01T11:57:35.813351 #8055] ERROR -- : divided by 0 (ZeroDivisionError)
/Users/yannis/Zenaton/lab/zenaton-sidekiq/app/workflows/reviews_analysis_workflow.rb:5:in `/'
/Users/yannis/Zenaton/lab/zenaton-sidekiq/app/workflows/reviews_analysis_workflow.rb:5:in `handle'
/Users/yannis/Zenaton/agent/worker/priv/ruby/lib/zenaton/worker/v1/workflow.rb:31:in `run_branch'
/Users/yannis/Zenaton/agent/worker/priv/ruby/lib/zenaton/worker/v1/decider.rb:24:in `launch'
/Users/yannis/Zenaton/agent/worker/priv/ruby/lib/zenaton/loader/slave.rb:33:in `process_job'
/Users/yannis/Zenaton/agent/worker/priv/ruby/lib/zenaton/loader/slave.rb:22:in `process'
/Users/yannis/Zenaton/agent/api/_build/dev/lib/worker/priv/ruby/scripts/slave.rb:21:in `<main>'
E, [2019-07-01T12:01:44.435965 #8422] ERROR -- : divided by 0 (ZeroDivisionError)
/Users/yannis/Zenaton/lab/zenaton-sidekiq/app/workflows/reviews_analysis_workflow.rb:5:in `/'
/Users/yannis/Zenaton/lab/zenaton-sidekiq/app/workflows/reviews_analysis_workflow.rb:5:in `handle'
/Users/yannis/Zenaton/agent/worker/priv/ruby/lib/zenaton/worker/v1/workflow.rb:31:in `run_branch'
/Users/yannis/Zenaton/agent/worker/priv/ruby/lib/zenaton/worker/v1/decider.rb:24:in `launch'
/Users/yannis/Zenaton/agent/worker/priv/ruby/lib/zenaton/loader/slave.rb:33:in `process_job'
/Users/yannis/Zenaton/agent/worker/priv/ruby/lib/zenaton/loader/slave.rb:22:in `process'
/Users/yannis/Zenaton/agent/api/_build/dev/lib/worker/priv/ruby/scripts/slave.rb:21:in `<main>'
E, [2019-07-01T12:18:34.177444 #9358] ERROR -- : divided by 0 (ZeroDivisionError)
/Users/yannis/Zenaton/lab/zenaton-sidekiq/app/workflows/reviews_analysis_workflow.rb:5:in `/'
/Users/yannis/Zenaton/lab/zenaton-sidekiq/app/workflows/reviews_analysis_workflow.rb:5:in `handle'
/Users/yannis/Zenaton/agent/worker/priv/ruby/lib/zenaton/worker/v1/workflow.rb:31:in `run_branch'
/Users/yannis/Zenaton/agent/worker/priv/ruby/lib/zenaton/worker/v1/decider.rb:24:in `launch'
/Users/yannis/Zenaton/agent/worker/priv/ruby/lib/zenaton/loader/slave.rb:33:in `process_job'
/Users/yannis/Zenaton/agent/worker/priv/ruby/lib/zenaton/loader/slave.rb:22:in `process'
/Users/yannis/Zenaton/agent/api/_build/dev/lib/worker/priv/ruby/scripts/slave.rb:21:in `<main>'
E, [2019-07-01T12:34:13.959801 #11331] ERROR -- : divided by 0 (ZeroDivisionError)
/Users/yannis/Zenaton/lab/zenaton-sidekiq/app/workflows/reviews_analysis_workflow.rb:5:in `/'
/Users/yannis/Zenaton/lab/zenaton-sidekiq/app/workflows/reviews_analysis_workflow.rb:5:in `handle'
/Users/yannis/Zenaton/agent/worker/priv/ruby/lib/zenaton/worker/v1/workflow.rb:31:in `run_branch'
/Users/yannis/Zenaton/agent/worker/priv/ruby/lib/zenaton/worker/v1/decider.rb:24:in `launch'
/Users/yannis/Zenaton/agent/worker/priv/ruby/lib/zenaton/loader/slave.rb:33:in `process_job'
/Users/yannis/Zenaton/agent/worker/priv/ruby/lib/zenaton/loader/slave.rb:22:in `process'
/Users/yannis/Zenaton/agent/api/_build/dev/lib/worker/priv/ruby/scripts/slave.rb:21:in `<main>'
E, [2019-07-01T12:35:54.919826 #11553] ERROR -- : divided by 0 (ZeroDivisionError)
/Users/yannis/Zenaton/lab/zenaton-sidekiq/app/workflows/reviews_analysis_workflow.rb:5:in `/'
/Users/yannis/Zenaton/lab/zenaton-sidekiq/app/workflows/reviews_analysis_workflow.rb:5:in `handle'
/Users/yannis/Zenaton/agent/worker/priv/ruby/lib/zenaton/worker/v1/workflow.rb:31:in `run_branch'
/Users/yannis/Zenaton/agent/worker/priv/ruby/lib/zenaton/worker/v1/decider.rb:24:in `launch'
/Users/yannis/Zenaton/agent/worker/priv/ruby/lib/zenaton/loader/slave.rb:33:in `process_job'
/Users/yannis/Zenaton/agent/worker/priv/ruby/lib/zenaton/loader/slave.rb:22:in `process'
/Users/yannis/Zenaton/agent/api/_build/dev/lib/worker/priv/ruby/scripts/slave.rb:21:in `<main>'
E, [2019-07-02T09:20:34.725063 #32039] ERROR -- : uninitialized constant ReviewsAnalysisWorkflow::TripAdvisorReviewsScrapingTask2 (NameError)
/Users/yannis/.asdf/installs/ruby/2.6.2/lib/ruby/gems/2.6.0/gems/bootsnap-1.4.4/lib/bootsnap/load_path_cache/core_ext/active_support.rb:79:in `block in load_missing_constant'
/Users/yannis/.asdf/installs/ruby/2.6.2/lib/ruby/gems/2.6.0/gems/bootsnap-1.4.4/lib/bootsnap/load_path_cache/core_ext/active_support.rb:8:in `without_bootsnap_cache'
/Users/yannis/.asdf/installs/ruby/2.6.2/lib/ruby/gems/2.6.0/gems/bootsnap-1.4.4/lib/bootsnap/load_path_cache/core_ext/active_support.rb:79:in `rescue in load_missing_constant'
/Users/yannis/.asdf/installs/ruby/2.6.2/lib/ruby/gems/2.6.0/gems/bootsnap-1.4.4/lib/bootsnap/load_path_cache/core_ext/active_support.rb:58:in `load_missing_constant'
/Users/yannis/Zenaton/lab/zenaton-sidekiq/app/workflows/reviews_analysis_workflow.rb:5:in `handle'
/Users/yannis/.zenaton/lib/worker-0.7.5/priv/ruby/lib/zenaton/worker/v1/workflow.rb:31:in `run_branch'
/Users/yannis/.zenaton/lib/worker-0.7.5/priv/ruby/lib/zenaton/worker/v1/decider.rb:24:in `launch'
/Users/yannis/.zenaton/lib/worker-0.7.5/priv/ruby/lib/zenaton/loader/slave.rb:33:in `process_job'
/Users/yannis/.zenaton/lib/worker-0.7.5/priv/ruby/lib/zenaton/loader/slave.rb:22:in `process'
/Users/yannis/.zenaton/lib/worker-0.7.5/priv/ruby/scripts/slave.rb:21:in `<main>'
E, [2019-07-02T09:31:01.835883 #34593] ERROR -- : uninitialized constant ReviewsAnalysisWorkflow::TripAdvisorReviewsScrapingTask2 (NameError)
/Users/yannis/.asdf/installs/ruby/2.6.2/lib/ruby/gems/2.6.0/gems/bootsnap-1.4.4/lib/bootsnap/load_path_cache/core_ext/active_support.rb:79:in `block in load_missing_constant'
/Users/yannis/.asdf/installs/ruby/2.6.2/lib/ruby/gems/2.6.0/gems/bootsnap-1.4.4/lib/bootsnap/load_path_cache/core_ext/active_support.rb:8:in `without_bootsnap_cache'
/Users/yannis/.asdf/installs/ruby/2.6.2/lib/ruby/gems/2.6.0/gems/bootsnap-1.4.4/lib/bootsnap/load_path_cache/core_ext/active_support.rb:79:in `rescue in load_missing_constant'
/Users/yannis/.asdf/installs/ruby/2.6.2/lib/ruby/gems/2.6.0/gems/bootsnap-1.4.4/lib/bootsnap/load_path_cache/core_ext/active_support.rb:58:in `load_missing_constant'
/Users/yannis/Zenaton/lab/zenaton-sidekiq/app/workflows/reviews_analysis_workflow.rb:5:in `handle'
/Users/yannis/Zenaton/agent/worker/priv/ruby/lib/zenaton/worker/v1/workflow.rb:31:in `run_branch'
/Users/yannis/Zenaton/agent/worker/priv/ruby/lib/zenaton/worker/v1/decider.rb:24:in `launch'
/Users/yannis/Zenaton/agent/worker/priv/ruby/lib/zenaton/loader/slave.rb:33:in `process_job'
/Users/yannis/Zenaton/agent/worker/priv/ruby/lib/zenaton/loader/slave.rb:22:in `process'
/Users/yannis/Zenaton/agent/api/_build/dev/lib/worker/priv/ruby/scripts/slave.rb:21:in `<main>'
E, [2019-07-02T09:35:29.296691 #35893] ERROR -- : uninitialized constant ReviewsAnalysisWorkflow::TripAdvisorReviewsScrapingTask2 (NameError)
/Users/yannis/.asdf/installs/ruby/2.6.2/lib/ruby/gems/2.6.0/gems/bootsnap-1.4.4/lib/bootsnap/load_path_cache/core_ext/active_support.rb:79:in `block in load_missing_constant'
/Users/yannis/.asdf/installs/ruby/2.6.2/lib/ruby/gems/2.6.0/gems/bootsnap-1.4.4/lib/bootsnap/load_path_cache/core_ext/active_support.rb:8:in `without_bootsnap_cache'
/Users/yannis/.asdf/installs/ruby/2.6.2/lib/ruby/gems/2.6.0/gems/bootsnap-1.4.4/lib/bootsnap/load_path_cache/core_ext/active_support.rb:79:in `rescue in load_missing_constant'
/Users/yannis/.asdf/installs/ruby/2.6.2/lib/ruby/gems/2.6.0/gems/bootsnap-1.4.4/lib/bootsnap/load_path_cache/core_ext/active_support.rb:58:in `load_missing_constant'
/Users/yannis/Zenaton/lab/zenaton-sidekiq/app/workflows/reviews_analysis_workflow.rb:5:in `handle'
/Users/yannis/Zenaton/agent/worker/priv/ruby/lib/zenaton/worker/v1/workflow.rb:31:in `run_branch'
/Users/yannis/Zenaton/agent/worker/priv/ruby/lib/zenaton/worker/v1/decider.rb:24:in `launch'
/Users/yannis/Zenaton/agent/worker/priv/ruby/lib/zenaton/loader/slave.rb:33:in `process_job'
/Users/yannis/Zenaton/agent/worker/priv/ruby/lib/zenaton/loader/slave.rb:22:in `process'
/Users/yannis/Zenaton/agent/api/_build/dev/lib/worker/priv/ruby/scripts/slave.rb:21:in `<main>'
E, [2019-07-02T09:36:47.420483 #36074] ERROR -- : uninitialized constant ReviewsAnalysisWorkflow::TripAdvisorReviewsScrapingTask2 (NameError)
/Users/yannis/.asdf/installs/ruby/2.6.2/lib/ruby/gems/2.6.0/gems/bootsnap-1.4.4/lib/bootsnap/load_path_cache/core_ext/active_support.rb:79:in `block in load_missing_constant'
/Users/yannis/.asdf/installs/ruby/2.6.2/lib/ruby/gems/2.6.0/gems/bootsnap-1.4.4/lib/bootsnap/load_path_cache/core_ext/active_support.rb:8:in `without_bootsnap_cache'
/Users/yannis/.asdf/installs/ruby/2.6.2/lib/ruby/gems/2.6.0/gems/bootsnap-1.4.4/lib/bootsnap/load_path_cache/core_ext/active_support.rb:79:in `rescue in load_missing_constant'
/Users/yannis/.asdf/installs/ruby/2.6.2/lib/ruby/gems/2.6.0/gems/bootsnap-1.4.4/lib/bootsnap/load_path_cache/core_ext/active_support.rb:58:in `load_missing_constant'
/Users/yannis/Zenaton/lab/zenaton-sidekiq/app/workflows/reviews_analysis_workflow.rb:5:in `handle'
/Users/yannis/Zenaton/agent/worker/priv/ruby/lib/zenaton/worker/v1/workflow.rb:31:in `run_branch'
/Users/yannis/Zenaton/agent/worker/priv/ruby/lib/zenaton/worker/v1/decider.rb:24:in `launch'
/Users/yannis/Zenaton/agent/worker/priv/ruby/lib/zenaton/loader/slave.rb:33:in `process_job'
/Users/yannis/Zenaton/agent/worker/priv/ruby/lib/zenaton/loader/slave.rb:22:in `process'
/Users/yannis/Zenaton/agent/api/_build/dev/lib/worker/priv/ruby/scripts/slave.rb:21:in `<main>'
E, [2019-07-02T10:04:13.840027 #38149] ERROR -- : uninitialized constant ReviewsAnalysisWorkflow::TripAdvisorReviewsScrapingTask2 (NameError)
/Users/yannis/.asdf/installs/ruby/2.6.2/lib/ruby/gems/2.6.0/gems/bootsnap-1.4.4/lib/bootsnap/load_path_cache/core_ext/active_support.rb:79:in `block in load_missing_constant'
/Users/yannis/.asdf/installs/ruby/2.6.2/lib/ruby/gems/2.6.0/gems/bootsnap-1.4.4/lib/bootsnap/load_path_cache/core_ext/active_support.rb:8:in `without_bootsnap_cache'
/Users/yannis/.asdf/installs/ruby/2.6.2/lib/ruby/gems/2.6.0/gems/bootsnap-1.4.4/lib/bootsnap/load_path_cache/core_ext/active_support.rb:79:in `rescue in load_missing_constant'
/Users/yannis/.asdf/installs/ruby/2.6.2/lib/ruby/gems/2.6.0/gems/bootsnap-1.4.4/lib/bootsnap/load_path_cache/core_ext/active_support.rb:58:in `load_missing_constant'
/Users/yannis/Zenaton/lab/zenaton-sidekiq/app/workflows/reviews_analysis_workflow.rb:5:in `handle'
/Users/yannis/Zenaton/agent/worker/priv/ruby/lib/zenaton/worker/v1/workflow.rb:31:in `run_branch'
/Users/yannis/Zenaton/agent/worker/priv/ruby/lib/zenaton/worker/v1/decider.rb:24:in `launch'
/Users/yannis/Zenaton/agent/worker/priv/ruby/lib/zenaton/loader/slave.rb:33:in `process_job'
/Users/yannis/Zenaton/agent/worker/priv/ruby/lib/zenaton/loader/slave.rb:22:in `process'
/Users/yannis/Zenaton/agent/api/_build/dev/lib/worker/priv/ruby/scripts/slave.rb:21:in `<main>'
E, [2019-07-02T10:52:05.221310 #45940] ERROR -- : Your workflow does not implement the `handle' method (Zenaton::NotImplemented)
/Users/yannis/.asdf/installs/ruby/2.6.2/lib/ruby/gems/2.6.0/gems/zenaton-0.4.0/lib/zenaton/interfaces/workflow.rb:11:in `handle'
/Users/yannis/.zenaton/lib/worker-0.7.5/priv/ruby/lib/zenaton/worker/v1/workflow.rb:31:in `run_branch'
/Users/yannis/.zenaton/lib/worker-0.7.5/priv/ruby/lib/zenaton/worker/v1/decider.rb:24:in `launch'
/Users/yannis/.zenaton/lib/worker-0.7.5/priv/ruby/lib/zenaton/loader/slave.rb:33:in `process_job'
/Users/yannis/.zenaton/lib/worker-0.7.5/priv/ruby/lib/zenaton/loader/slave.rb:22:in `process'
/Users/yannis/.zenaton/lib/worker-0.7.5/priv/ruby/scripts/slave.rb:21:in `<main>'
E, [2019-07-02T11:16:45.755607 #49334] ERROR -- : Your workflow does not implement the `handle' method (Zenaton::NotImplemented)
/Users/yannis/.asdf/installs/ruby/2.6.2/lib/ruby/gems/2.6.0/gems/zenaton-0.4.0/lib/zenaton/interfaces/workflow.rb:11:in `handle'
/Users/yannis/Zenaton/agent/worker/priv/ruby/lib/zenaton/worker/v1/workflow.rb:31:in `run_branch'
/Users/yannis/Zenaton/agent/worker/priv/ruby/lib/zenaton/worker/v1/decider.rb:24:in `launch'
/Users/yannis/Zenaton/agent/worker/priv/ruby/lib/zenaton/loader/slave.rb:33:in `process_job'
/Users/yannis/Zenaton/agent/worker/priv/ruby/lib/zenaton/loader/slave.rb:22:in `process'
/Users/yannis/Zenaton/agent/api/_build/dev/lib/worker/priv/ruby/scripts/slave.rb:21:in `<main>'
E, [2019-07-02T11:21:27.308818 #50781] ERROR -- : Your workflow does not implement the `handle' method (Zenaton::NotImplemented)
/Users/yannis/.asdf/installs/ruby/2.6.2/lib/ruby/gems/2.6.0/gems/zenaton-0.4.0/lib/zenaton/interfaces/workflow.rb:11:in `handle'
/Users/yannis/Zenaton/agent/worker/priv/ruby/lib/zenaton/worker/v1/workflow.rb:31:in `run_branch'
/Users/yannis/Zenaton/agent/worker/priv/ruby/lib/zenaton/worker/v1/decider.rb:24:in `launch'
/Users/yannis/Zenaton/agent/worker/priv/ruby/lib/zenaton/loader/slave.rb:33:in `process_job'
/Users/yannis/Zenaton/agent/worker/priv/ruby/lib/zenaton/loader/slave.rb:22:in `process'
/Users/yannis/Zenaton/agent/api/_build/dev/lib/worker/priv/ruby/scripts/slave.rb:21:in `<main>'
E, [2019-07-02T11:46:45.056141 #54420] ERROR -- : Your workflow does not implement the `handle' method (Zenaton::NotImplemented)
/Users/yannis/.asdf/installs/ruby/2.6.2/lib/ruby/gems/2.6.0/gems/zenaton-0.4.0/lib/zenaton/interfaces/workflow.rb:11:in `handle'
/Users/yannis/Zenaton/agent/worker/priv/ruby/lib/zenaton/worker/v1/workflow.rb:31:in `run_branch'
/Users/yannis/Zenaton/agent/worker/priv/ruby/lib/zenaton/worker/v1/decider.rb:24:in `launch'
/Users/yannis/Zenaton/agent/worker/priv/ruby/lib/zenaton/loader/slave.rb:33:in `process_job'
/Users/yannis/Zenaton/agent/worker/priv/ruby/lib/zenaton/loader/slave.rb:22:in `process'
/Users/yannis/Zenaton/agent/api/_build/dev/lib/worker/priv/ruby/scripts/slave.rb:21:in `<main>'
E, [2019-07-02T11:49:19.092140 #54778] ERROR -- : Your workflow does not implement the `handle' method (Zenaton::NotImplemented)
/Users/yannis/.asdf/installs/ruby/2.6.2/lib/ruby/gems/2.6.0/gems/zenaton-0.4.0/lib/zenaton/interfaces/workflow.rb:11:in `handle'
/Users/yannis/Zenaton/agent/worker/priv/ruby/lib/zenaton/worker/v1/workflow.rb:31:in `run_branch'
/Users/yannis/Zenaton/agent/worker/priv/ruby/lib/zenaton/worker/v1/decider.rb:24:in `launch'
/Users/yannis/Zenaton/agent/worker/priv/ruby/lib/zenaton/loader/slave.rb:33:in `process_job'
/Users/yannis/Zenaton/agent/worker/priv/ruby/lib/zenaton/loader/slave.rb:22:in `process'
/Users/yannis/Zenaton/agent/api/_build/dev/lib/worker/priv/ruby/scripts/slave.rb:21:in `<main>'
E, [2019-07-02T11:49:19.120773 #54627] ERROR -- : Your workflow does not implement the `handle' method (Zenaton::NotImplemented)
/Users/yannis/.asdf/installs/ruby/2.6.2/lib/ruby/gems/2.6.0/gems/zenaton-0.4.0/lib/zenaton/interfaces/workflow.rb:11:in `handle'
/Users/yannis/Zenaton/agent/worker/priv/ruby/lib/zenaton/worker/v1/workflow.rb:31:in `run_branch'
/Users/yannis/Zenaton/agent/worker/priv/ruby/lib/zenaton/worker/v1/decider.rb:24:in `launch'
/Users/yannis/Zenaton/agent/worker/priv/ruby/lib/zenaton/loader/slave.rb:33:in `process_job'
/Users/yannis/Zenaton/agent/worker/priv/ruby/lib/zenaton/loader/slave.rb:22:in `process'
/Users/yannis/Zenaton/agent/api/_build/dev/lib/worker/priv/ruby/scripts/slave.rb:21:in `<main>'
E, [2019-07-02T11:49:19.501302 #54929] ERROR -- : Your workflow does not implement the `handle' method (Zenaton::NotImplemented)
/Users/yannis/.asdf/installs/ruby/2.6.2/lib/ruby/gems/2.6.0/gems/zenaton-0.4.0/lib/zenaton/interfaces/workflow.rb:11:in `handle'
/Users/yannis/Zenaton/agent/worker/priv/ruby/lib/zenaton/worker/v1/workflow.rb:31:in `run_branch'
/Users/yannis/Zenaton/agent/worker/priv/ruby/lib/zenaton/worker/v1/decider.rb:24:in `launch'
/Users/yannis/Zenaton/agent/worker/priv/ruby/lib/zenaton/loader/slave.rb:33:in `process_job'
/Users/yannis/Zenaton/agent/worker/priv/ruby/lib/zenaton/loader/slave.rb:22:in `process'
/Users/yannis/Zenaton/agent/api/_build/dev/lib/worker/priv/ruby/scripts/slave.rb:21:in `<main>'
E, [2019-07-02T11:49:35.386240 #56367] ERROR -- : divided by 0 (ZeroDivisionError)
/Users/yannis/Zenaton/lab/zenaton-sidekiq/app/workflows/reviews_analysis_workflow.rb:5:in `/'
/Users/yannis/Zenaton/lab/zenaton-sidekiq/app/workflows/reviews_analysis_workflow.rb:5:in `handle'
/Users/yannis/Zenaton/agent/worker/priv/ruby/lib/zenaton/worker/v1/workflow.rb:31:in `run_branch'
/Users/yannis/Zenaton/agent/worker/priv/ruby/lib/zenaton/worker/v1/decider.rb:24:in `launch'
/Users/yannis/Zenaton/agent/worker/priv/ruby/lib/zenaton/loader/slave.rb:33:in `process_job'
/Users/yannis/Zenaton/agent/worker/priv/ruby/lib/zenaton/loader/slave.rb:22:in `process'
/Users/yannis/Zenaton/agent/api/_build/dev/lib/worker/priv/ruby/scripts/slave.rb:21:in `<main>'
Job done with Zenaton !
Job done with Zenaton !
Job done with Zenaton !
E, [2019-07-02T15:41:50.811654 #73694] ERROR -- : divided by 0 (ZeroDivisionError)
/Users/yannis/Zenaton/lab/zenaton-sidekiq/app/workflows/reviews_analysis_workflow.rb:5:in `/'
/Users/yannis/Zenaton/lab/zenaton-sidekiq/app/workflows/reviews_analysis_workflow.rb:5:in `handle'
/Users/yannis/.zenaton/lib/worker-0.7.5/priv/ruby/lib/zenaton/worker/v1/workflow.rb:31:in `run_branch'
/Users/yannis/.zenaton/lib/worker-0.7.5/priv/ruby/lib/zenaton/worker/v1/decider.rb:24:in `launch'
/Users/yannis/.zenaton/lib/worker-0.7.5/priv/ruby/lib/zenaton/loader/slave.rb:33:in `process_job'
/Users/yannis/.zenaton/lib/worker-0.7.5/priv/ruby/lib/zenaton/loader/slave.rb:22:in `process'
/Users/yannis/.zenaton/lib/worker-0.7.5/priv/ruby/scripts/slave.rb:21:in `<main>'
E, [2019-07-02T15:41:50.811828 #73691] ERROR -- : divided by 0 (ZeroDivisionError)
/Users/yannis/Zenaton/lab/zenaton-sidekiq/app/workflows/reviews_analysis_workflow.rb:5:in `/'
/Users/yannis/Zenaton/lab/zenaton-sidekiq/app/workflows/reviews_analysis_workflow.rb:5:in `handle'
/Users/yannis/.zenaton/lib/worker-0.7.5/priv/ruby/lib/zenaton/worker/v1/workflow.rb:31:in `run_branch'
/Users/yannis/.zenaton/lib/worker-0.7.5/priv/ruby/lib/zenaton/worker/v1/decider.rb:24:in `launch'
/Users/yannis/.zenaton/lib/worker-0.7.5/priv/ruby/lib/zenaton/loader/slave.rb:33:in `process_job'
/Users/yannis/.zenaton/lib/worker-0.7.5/priv/ruby/lib/zenaton/loader/slave.rb:22:in `process'
/Users/yannis/.zenaton/lib/worker-0.7.5/priv/ruby/scripts/slave.rb:21:in `<main>'
E, [2019-07-02T15:41:50.811831 #73692] ERROR -- : divided by 0 (ZeroDivisionError)
/Users/yannis/Zenaton/lab/zenaton-sidekiq/app/workflows/reviews_analysis_workflow.rb:5:in `/'
/Users/yannis/Zenaton/lab/zenaton-sidekiq/app/workflows/reviews_analysis_workflow.rb:5:in `handle'
/Users/yannis/.zenaton/lib/worker-0.7.5/priv/ruby/lib/zenaton/worker/v1/workflow.rb:31:in `run_branch'
/Users/yannis/.zenaton/lib/worker-0.7.5/priv/ruby/lib/zenaton/worker/v1/decider.rb:24:in `launch'
/Users/yannis/.zenaton/lib/worker-0.7.5/priv/ruby/lib/zenaton/loader/slave.rb:33:in `process_job'
/Users/yannis/.zenaton/lib/worker-0.7.5/priv/ruby/lib/zenaton/loader/slave.rb:22:in `process'
/Users/yannis/.zenaton/lib/worker-0.7.5/priv/ruby/scripts/slave.rb:21:in `<main>'
E, [2019-07-02T15:41:50.811828 #73695] ERROR -- : divided by 0 (ZeroDivisionError)
/Users/yannis/Zenaton/lab/zenaton-sidekiq/app/workflows/reviews_analysis_workflow.rb:5:in `/'
/Users/yannis/Zenaton/lab/zenaton-sidekiq/app/workflows/reviews_analysis_workflow.rb:5:in `handle'
/Users/yannis/.zenaton/lib/worker-0.7.5/priv/ruby/lib/zenaton/worker/v1/workflow.rb:31:in `run_branch'
/Users/yannis/.zenaton/lib/worker-0.7.5/priv/ruby/lib/zenaton/worker/v1/decider.rb:24:in `launch'
/Users/yannis/.zenaton/lib/worker-0.7.5/priv/ruby/lib/zenaton/loader/slave.rb:33:in `process_job'
/Users/yannis/.zenaton/lib/worker-0.7.5/priv/ruby/lib/zenaton/loader/slave.rb:22:in `process'
/Users/yannis/.zenaton/lib/worker-0.7.5/priv/ruby/scripts/slave.rb:21:in `<main>'
E, [2019-07-02T15:41:50.811833 #73696] ERROR -- : divided by 0 (ZeroDivisionError)
/Users/yannis/Zenaton/lab/zenaton-sidekiq/app/workflows/reviews_analysis_workflow.rb:5:in `/'
/Users/yannis/Zenaton/lab/zenaton-sidekiq/app/workflows/reviews_analysis_workflow.rb:5:in `handle'
/Users/yannis/.zenaton/lib/worker-0.7.5/priv/ruby/lib/zenaton/worker/v1/workflow.rb:31:in `run_branch'
/Users/yannis/.zenaton/lib/worker-0.7.5/priv/ruby/lib/zenaton/worker/v1/decider.rb:24:in `launch'
/Users/yannis/.zenaton/lib/worker-0.7.5/priv/ruby/lib/zenaton/loader/slave.rb:33:in `process_job'
/Users/yannis/.zenaton/lib/worker-0.7.5/priv/ruby/lib/zenaton/loader/slave.rb:22:in `process'
/Users/yannis/.zenaton/lib/worker-0.7.5/priv/ruby/scripts/slave.rb:21:in `<main>'
E, [2019-07-02T15:42:43.663119 #74780] ERROR -- : Your workflow does not implement the `handle' method (Zenaton::NotImplemented)
/Users/yannis/.asdf/installs/ruby/2.6.2/lib/ruby/gems/2.6.0/gems/zenaton-0.4.0/lib/zenaton/interfaces/workflow.rb:11:in `handle'
/Users/yannis/.zenaton/lib/worker-0.7.5/priv/ruby/lib/zenaton/worker/v1/workflow.rb:31:in `run_branch'
/Users/yannis/.zenaton/lib/worker-0.7.5/priv/ruby/lib/zenaton/worker/v1/decider.rb:24:in `launch'
/Users/yannis/.zenaton/lib/worker-0.7.5/priv/ruby/lib/zenaton/loader/slave.rb:33:in `process_job'
/Users/yannis/.zenaton/lib/worker-0.7.5/priv/ruby/lib/zenaton/loader/slave.rb:22:in `process'
/Users/yannis/.zenaton/lib/worker-0.7.5/priv/ruby/scripts/slave.rb:21:in `<main>'
E, [2019-07-02T15:42:43.663116 #74775] ERROR -- : Your workflow does not implement the `handle' method (Zenaton::NotImplemented)
/Users/yannis/.asdf/installs/ruby/2.6.2/lib/ruby/gems/2.6.0/gems/zenaton-0.4.0/lib/zenaton/interfaces/workflow.rb:11:in `handle'
/Users/yannis/.zenaton/lib/worker-0.7.5/priv/ruby/lib/zenaton/worker/v1/workflow.rb:31:in `run_branch'
/Users/yannis/.zenaton/lib/worker-0.7.5/priv/ruby/lib/zenaton/worker/v1/decider.rb:24:in `launch'
/Users/yannis/.zenaton/lib/worker-0.7.5/priv/ruby/lib/zenaton/loader/slave.rb:33:in `process_job'
/Users/yannis/.zenaton/lib/worker-0.7.5/priv/ruby/lib/zenaton/loader/slave.rb:22:in `process'
/Users/yannis/.zenaton/lib/worker-0.7.5/priv/ruby/scripts/slave.rb:21:in `<main>'
E, [2019-07-02T15:42:43.663113 #74777] ERROR -- : Your workflow does not implement the `handle' method (Zenaton::NotImplemented)
/Users/yannis/.asdf/installs/ruby/2.6.2/lib/ruby/gems/2.6.0/gems/zenaton-0.4.0/lib/zenaton/interfaces/workflow.rb:11:in `handle'
/Users/yannis/.zenaton/lib/worker-0.7.5/priv/ruby/lib/zenaton/worker/v1/workflow.rb:31:in `run_branch'
/Users/yannis/.zenaton/lib/worker-0.7.5/priv/ruby/lib/zenaton/worker/v1/decider.rb:24:in `launch'
/Users/yannis/.zenaton/lib/worker-0.7.5/priv/ruby/lib/zenaton/loader/slave.rb:33:in `process_job'
/Users/yannis/.zenaton/lib/worker-0.7.5/priv/ruby/lib/zenaton/loader/slave.rb:22:in `process'
/Users/yannis/.zenaton/lib/worker-0.7.5/priv/ruby/scripts/slave.rb:21:in `<main>'
E, [2019-07-02T15:42:43.673940 #74778] ERROR -- : Your workflow does not implement the `handle' method (Zenaton::NotImplemented)
/Users/yannis/.asdf/installs/ruby/2.6.2/lib/ruby/gems/2.6.0/gems/zenaton-0.4.0/lib/zenaton/interfaces/workflow.rb:11:in `handle'
/Users/yannis/.zenaton/lib/worker-0.7.5/priv/ruby/lib/zenaton/worker/v1/workflow.rb:31:in `run_branch'
/Users/yannis/.zenaton/lib/worker-0.7.5/priv/ruby/lib/zenaton/worker/v1/decider.rb:24:in `launch'
/Users/yannis/.zenaton/lib/worker-0.7.5/priv/ruby/lib/zenaton/loader/slave.rb:33:in `process_job'
/Users/yannis/.zenaton/lib/worker-0.7.5/priv/ruby/lib/zenaton/loader/slave.rb:22:in `process'
/Users/yannis/.zenaton/lib/worker-0.7.5/priv/ruby/scripts/slave.rb:21:in `<main>'
E, [2019-07-02T15:42:43.674135 #74776] ERROR -- : Your workflow does not implement the `handle' method (Zenaton::NotImplemented)
/Users/yannis/.asdf/installs/ruby/2.6.2/lib/ruby/gems/2.6.0/gems/zenaton-0.4.0/lib/zenaton/interfaces/workflow.rb:11:in `handle'
/Users/yannis/.zenaton/lib/worker-0.7.5/priv/ruby/lib/zenaton/worker/v1/workflow.rb:31:in `run_branch'
/Users/yannis/.zenaton/lib/worker-0.7.5/priv/ruby/lib/zenaton/worker/v1/decider.rb:24:in `launch'
/Users/yannis/.zenaton/lib/worker-0.7.5/priv/ruby/lib/zenaton/loader/slave.rb:33:in `process_job'
/Users/yannis/.zenaton/lib/worker-0.7.5/priv/ruby/lib/zenaton/loader/slave.rb:22:in `process'
/Users/yannis/.zenaton/lib/worker-0.7.5/priv/ruby/scripts/slave.rb:21:in `<main>'
Job done with Zenaton !
Job done with Zenaton !
Job done with Zenaton !
Job done with Zenaton !
Job done with Zenaton !
Job done with Zenaton !
E, [2019-07-02T16:19:19.713736 #80448] ERROR -- : divided by 0 (ZeroDivisionError)
/Users/yannis/Zenaton/lab/zenaton-sidekiq/app/workflows/reviews_analysis_workflow.rb:5:in `/'
/Users/yannis/Zenaton/lab/zenaton-sidekiq/app/workflows/reviews_analysis_workflow.rb:5:in `handle'
/Users/yannis/.zenaton/lib/worker-0.7.5/priv/ruby/lib/zenaton/worker/v1/workflow.rb:31:in `run_branch'
/Users/yannis/.zenaton/lib/worker-0.7.5/priv/ruby/lib/zenaton/worker/v1/decider.rb:24:in `launch'
/Users/yannis/.zenaton/lib/worker-0.7.5/priv/ruby/lib/zenaton/loader/slave.rb:33:in `process_job'
/Users/yannis/.zenaton/lib/worker-0.7.5/priv/ruby/lib/zenaton/loader/slave.rb:22:in `process'
/Users/yannis/.zenaton/lib/worker-0.7.5/priv/ruby/scripts/slave.rb:21:in `<main>'
Job done with Zenaton !
Job done with Zenaton !
Job done with Zenaton !
